  main.c
F:\GitHubCode\程序设计实训\EnglishDictionary\main.c(35,13): warning C4013: “gets”未定义；假设外部返回 int
F:\GitHubCode\程序设计实训\EnglishDictionary\main.c(61,9): warning C4996: 'scanf': This function or variable may be unsafe. Consider using scanf_s instead. To disable deprecation, use _CRT_SECURE_NO_WARNINGS. See online help for details.
F:\GitHubCode\程序设计实训\EnglishDictionary\main.c(82,3): warning C4996: 'strcpy': This function or variable may be unsafe. Consider using strcpy_s instead. To disable deprecation, use _CRT_SECURE_NO_WARNINGS. See online help for details.
F:\GitHubCode\程序设计实训\EnglishDictionary\main.c(125,12): warning C4996: 'fscanf': This function or variable may be unsafe. Consider using fscanf_s instead. To disable deprecation, use _CRT_SECURE_NO_WARNINGS. See online help for details.
F:\GitHubCode\程序设计实训\EnglishDictionary\main.c(140,12): warning C4996: 'fscanf': This function or variable may be unsafe. Consider using fscanf_s instead. To disable deprecation, use _CRT_SECURE_NO_WARNINGS. See online help for details.
F:\GitHubCode\程序设计实训\EnglishDictionary\main.c(164,27): warning C4996: 'fscanf': This function or variable may be unsafe. Consider using fscanf_s instead. To disable deprecation, use _CRT_SECURE_NO_WARNINGS. See online help for details.
F:\GitHubCode\程序设计实训\EnglishDictionary\main.c(190,17): warning C4996: 'sscanf': This function or variable may be unsafe. Consider using sscanf_s instead. To disable deprecation, use _CRT_SECURE_NO_WARNINGS. See online help for details.
F:\GitHubCode\程序设计实训\EnglishDictionary\main.c(219,11): warning C4996: 'fopen': This function or variable may be unsafe. Consider using fopen_s instead. To disable deprecation, use _CRT_SECURE_NO_WARNINGS. See online help for details.
F:\GitHubCode\程序设计实训\EnglishDictionary\main.c(226,12): warning C4996: 'fopen': This function or variable may be unsafe. Consider using fopen_s instead. To disable deprecation, use _CRT_SECURE_NO_WARNINGS. See online help for details.
F:\GitHubCode\程序设计实训\EnglishDictionary\main.c(227,47): warning C4996: 'fscanf': This function or variable may be unsafe. Consider using fscanf_s instead. To disable deprecation, use _CRT_SECURE_NO_WARNINGS. See online help for details.
F:\GitHubCode\程序设计实训\EnglishDictionary\main.c(247,25): warning C4996: 'sscanf': This function or variable may be unsafe. Consider using sscanf_s instead. To disable deprecation, use _CRT_SECURE_NO_WARNINGS. See online help for details.
F:\GitHubCode\程序设计实训\EnglishDictionary\main.c(251,8): warning C4996: 'strcpy': This function or variable may be unsafe. Consider using strcpy_s instead. To disable deprecation, use _CRT_SECURE_NO_WARNINGS. See online help for details.
F:\GitHubCode\程序设计实训\EnglishDictionary\main.c(252,8): warning C4996: 'strcpy': This function or variable may be unsafe. Consider using strcpy_s instead. To disable deprecation, use _CRT_SECURE_NO_WARNINGS. See online help for details.
F:\GitHubCode\程序设计实训\EnglishDictionary\main.c(256,30): warning C4996: 'fopen': This function or variable may be unsafe. Consider using fopen_s instead. To disable deprecation, use _CRT_SECURE_NO_WARNINGS. See online help for details.
F:\GitHubCode\程序设计实训\EnglishDictionary\main.c(280,25): warning C4996: 'sscanf': This function or variable may be unsafe. Consider using sscanf_s instead. To disable deprecation, use _CRT_SECURE_NO_WARNINGS. See online help for details.
F:\GitHubCode\程序设计实训\EnglishDictionary\main.c(323,35): warning C4047: “==”:“int”与“void *”的间接级别不同
F:\GitHubCode\程序设计实训\EnglishDictionary\main.c(319,15): warning C4996: 'fopen': This function or variable may be unsafe. Consider using fopen_s instead. To disable deprecation, use _CRT_SECURE_NO_WARNINGS. See online help for details.
F:\GitHubCode\程序设计实训\EnglishDictionary\main.c(325,9): warning C4996: 'getch': The POSIX name for this item is deprecated. Instead, use the ISO C and C++ conformant name: _getch. See online help for details.
F:\GitHubCode\程序设计实训\EnglishDictionary\main.c(329,9): warning C4996: 'getch': The POSIX name for this item is deprecated. Instead, use the ISO C and C++ conformant name: _getch. See online help for details.
F:\GitHubCode\程序设计实训\EnglishDictionary\main.c(341,35): warning C4047: “==”:“int”与“void *”的间接级别不同
F:\GitHubCode\程序设计实训\EnglishDictionary\main.c(337,15): warning C4996: 'fopen': This function or variable may be unsafe. Consider using fopen_s instead. To disable deprecation, use _CRT_SECURE_NO_WARNINGS. See online help for details.
F:\GitHubCode\程序设计实训\EnglishDictionary\main.c(341,10): warning C4996: 'fscanf': This function or variable may be unsafe. Consider using fscanf_s instead. To disable deprecation, use _CRT_SECURE_NO_WARNINGS. See online help for details.
F:\GitHubCode\程序设计实训\EnglishDictionary\main.c(343,9): warning C4996: 'getch': The POSIX name for this item is deprecated. Instead, use the ISO C and C++ conformant name: _getch. See online help for details.
F:\GitHubCode\程序设计实训\EnglishDictionary\main.c(365,19): warning C4996: 'fopen': This function or variable may be unsafe. Consider using fopen_s instead. To disable deprecation, use _CRT_SECURE_NO_WARNINGS. See online help for details.
F:\GitHubCode\程序设计实训\EnglishDictionary\main.c(375,9): warning C4996: 'fscanf': This function or variable may be unsafe. Consider using fscanf_s instead. To disable deprecation, use _CRT_SECURE_NO_WARNINGS. See online help for details.
F:\GitHubCode\程序设计实训\EnglishDictionary\main.c(382,13): warning C4996: 'fscanf': This function or variable may be unsafe. Consider using fscanf_s instead. To disable deprecation, use _CRT_SECURE_NO_WARNINGS. See online help for details.
F:\GitHubCode\程序设计实训\EnglishDictionary\main.c(399,19): warning C4996: 'fopen': This function or variable may be unsafe. Consider using fopen_s instead. To disable deprecation, use _CRT_SECURE_NO_WARNINGS. See online help for details.
F:\GitHubCode\程序设计实训\EnglishDictionary\main.c(409,9): warning C4996: 'fscanf': This function or variable may be unsafe. Consider using fscanf_s instead. To disable deprecation, use _CRT_SECURE_NO_WARNINGS. See online help for details.
F:\GitHubCode\程序设计实训\EnglishDictionary\main.c(416,13): warning C4996: 'fscanf': This function or variable may be unsafe. Consider using fscanf_s instead. To disable deprecation, use _CRT_SECURE_NO_WARNINGS. See online help for details.
F:\GitHubCode\程序设计实训\EnglishDictionary\main.c(462,21): warning C4098: “selfStudy”:“void”函数返回值
F:\GitHubCode\程序设计实训\EnglishDictionary\main.c(458,17): warning C4996: 'sscanf': This function or variable may be unsafe. Consider using sscanf_s instead. To disable deprecation, use _CRT_SECURE_NO_WARNINGS. See online help for details.
F:\GitHubCode\程序设计实训\EnglishDictionary\main.c(471,21): warning C4996: 'getch': The POSIX name for this item is deprecated. Instead, use the ISO C and C++ conformant name: _getch. See online help for details.
F:\GitHubCode\程序设计实训\EnglishDictionary\main.c(477,17): warning C4996: 'getch': The POSIX name for this item is deprecated. Instead, use the ISO C and C++ conformant name: _getch. See online help for details.
F:\GitHubCode\程序设计实训\EnglishDictionary\main.c(529,11): warning C4244: “函数”: 从“time_t”转换到“unsigned int”，可能丢失数据
F:\GitHubCode\程序设计实训\EnglishDictionary\main.c(497,9): warning C4996: 'getch': The POSIX name for this item is deprecated. Instead, use the ISO C and C++ conformant name: _getch. See online help for details.
F:\GitHubCode\程序设计实训\EnglishDictionary\main.c(500,12): warning C4996: 'fscanf': This function or variable may be unsafe. Consider using fscanf_s instead. To disable deprecation, use _CRT_SECURE_NO_WARNINGS. See online help for details.
F:\GitHubCode\程序设计实训\EnglishDictionary\main.c(508,15): warning C4996: 'fopen': This function or variable may be unsafe. Consider using fopen_s instead. To disable deprecation, use _CRT_SECURE_NO_WARNINGS. See online help for details.
F:\GitHubCode\程序设计实训\EnglishDictionary\main.c(511,13): warning C4996: 'getch': The POSIX name for this item is deprecated. Instead, use the ISO C and C++ conformant name: _getch. See online help for details.
F:\GitHubCode\程序设计实训\EnglishDictionary\main.c(515,15): warning C4996: 'fopen': This function or variable may be unsafe. Consider using fopen_s instead. To disable deprecation, use _CRT_SECURE_NO_WARNINGS. See online help for details.
F:\GitHubCode\程序设计实训\EnglishDictionary\main.c(518,12): warning C4996: 'fscanf': This function or variable may be unsafe. Consider using fscanf_s instead. To disable deprecation, use _CRT_SECURE_NO_WARNINGS. See online help for details.
F:\GitHubCode\程序设计实训\EnglishDictionary\main.c(525,9): warning C4996: 'getch': The POSIX name for this item is deprecated. Instead, use the ISO C and C++ conformant name: _getch. See online help for details.
F:\GitHubCode\程序设计实训\EnglishDictionary\main.c(565,22): warning C4996: 'getch': The POSIX name for this item is deprecated. Instead, use the ISO C and C++ conformant name: _getch. See online help for details.
F:\GitHubCode\程序设计实训\EnglishDictionary\main.c(579,21): warning C4996: 'strcpy': This function or variable may be unsafe. Consider using strcpy_s instead. To disable deprecation, use _CRT_SECURE_NO_WARNINGS. See online help for details.
F:\GitHubCode\程序设计实训\EnglishDictionary\main.c(580,21): warning C4996: 'strcpy': This function or variable may be unsafe. Consider using strcpy_s instead. To disable deprecation, use _CRT_SECURE_NO_WARNINGS. See online help for details.
F:\GitHubCode\程序设计实训\EnglishDictionary\main.c(614,18): warning C4996: 'getch': The POSIX name for this item is deprecated. Instead, use the ISO C and C++ conformant name: _getch. See online help for details.
F:\GitHubCode\程序设计实训\EnglishDictionary\main.c(628,11): warning C4996: 'fopen': This function or variable may be unsafe. Consider using fopen_s instead. To disable deprecation, use _CRT_SECURE_NO_WARNINGS. See online help for details.
F:\GitHubCode\程序设计实训\EnglishDictionary\main.c(631,9): warning C4996: 'getch': The POSIX name for this item is deprecated. Instead, use the ISO C and C++ conformant name: _getch. See online help for details.
F:\GitHubCode\程序设计实训\EnglishDictionary\main.c(652,5): warning C4996: 'getch': The POSIX name for this item is deprecated. Instead, use the ISO C and C++ conformant name: _getch. See online help for details.
F:\GitHubCode\程序设计实训\EnglishDictionary\main.c(701,11): warning C4244: “函数”: 从“time_t”转换到“unsigned int”，可能丢失数据
F:\GitHubCode\程序设计实训\EnglishDictionary\main.c(669,9): warning C4996: 'getch': The POSIX name for this item is deprecated. Instead, use the ISO C and C++ conformant name: _getch. See online help for details.
F:\GitHubCode\程序设计实训\EnglishDictionary\main.c(672,12): warning C4996: 'fscanf': This function or variable may be unsafe. Consider using fscanf_s instead. To disable deprecation, use _CRT_SECURE_NO_WARNINGS. See online help for details.
F:\GitHubCode\程序设计实训\EnglishDictionary\main.c(680,15): warning C4996: 'fopen': This function or variable may be unsafe. Consider using fopen_s instead. To disable deprecation, use _CRT_SECURE_NO_WARNINGS. See online help for details.
F:\GitHubCode\程序设计实训\EnglishDictionary\main.c(683,13): warning C4996: 'getch': The POSIX name for this item is deprecated. Instead, use the ISO C and C++ conformant name: _getch. See online help for details.
F:\GitHubCode\程序设计实训\EnglishDictionary\main.c(687,15): warning C4996: 'fopen': This function or variable may be unsafe. Consider using fopen_s instead. To disable deprecation, use _CRT_SECURE_NO_WARNINGS. See online help for details.
F:\GitHubCode\程序设计实训\EnglishDictionary\main.c(690,12): warning C4996: 'fscanf': This function or variable may be unsafe. Consider using fscanf_s instead. To disable deprecation, use _CRT_SECURE_NO_WARNINGS. See online help for details.
F:\GitHubCode\程序设计实训\EnglishDictionary\main.c(697,9): warning C4996: 'getch': The POSIX name for this item is deprecated. Instead, use the ISO C and C++ conformant name: _getch. See online help for details.
F:\GitHubCode\程序设计实训\EnglishDictionary\main.c(737,22): warning C4996: 'getch': The POSIX name for this item is deprecated. Instead, use the ISO C and C++ conformant name: _getch. See online help for details.
F:\GitHubCode\程序设计实训\EnglishDictionary\main.c(751,21): warning C4996: 'strcpy': This function or variable may be unsafe. Consider using strcpy_s instead. To disable deprecation, use _CRT_SECURE_NO_WARNINGS. See online help for details.
F:\GitHubCode\程序设计实训\EnglishDictionary\main.c(752,21): warning C4996: 'strcpy': This function or variable may be unsafe. Consider using strcpy_s instead. To disable deprecation, use _CRT_SECURE_NO_WARNINGS. See online help for details.
F:\GitHubCode\程序设计实训\EnglishDictionary\main.c(784,18): warning C4996: 'getch': The POSIX name for this item is deprecated. Instead, use the ISO C and C++ conformant name: _getch. See online help for details.
F:\GitHubCode\程序设计实训\EnglishDictionary\main.c(798,11): warning C4996: 'fopen': This function or variable may be unsafe. Consider using fopen_s instead. To disable deprecation, use _CRT_SECURE_NO_WARNINGS. See online help for details.
F:\GitHubCode\程序设计实训\EnglishDictionary\main.c(801,9): warning C4996: 'getch': The POSIX name for this item is deprecated. Instead, use the ISO C and C++ conformant name: _getch. See online help for details.
F:\GitHubCode\程序设计实训\EnglishDictionary\main.c(822,5): warning C4996: 'getch': The POSIX name for this item is deprecated. Instead, use the ISO C and C++ conformant name: _getch. See online help for details.
F:\GitHubCode\程序设计实训\EnglishDictionary\main.c(829,5): warning C4996: 'getch': The POSIX name for this item is deprecated. Instead, use the ISO C and C++ conformant name: _getch. See online help for details.
F:\GitHubCode\程序设计实训\EnglishDictionary\main.c(843,10): warning C4996: 'fopen': This function or variable may be unsafe. Consider using fopen_s instead. To disable deprecation, use _CRT_SECURE_NO_WARNINGS. See online help for details.
F:\GitHubCode\程序设计实训\EnglishDictionary\main.c(853,10): warning C4996: 'fopen': This function or variable may be unsafe. Consider using fopen_s instead. To disable deprecation, use _CRT_SECURE_NO_WARNINGS. See online help for details.
F:\GitHubCode\程序设计实训\EnglishDictionary\main.c(854,18): warning C4996: 'fscanf': This function or variable may be unsafe. Consider using fscanf_s instead. To disable deprecation, use _CRT_SECURE_NO_WARNINGS. See online help for details.
F:\GitHubCode\程序设计实训\EnglishDictionary\main.c(878,17): warning C4996: 'sscanf': This function or variable may be unsafe. Consider using sscanf_s instead. To disable deprecation, use _CRT_SECURE_NO_WARNINGS. See online help for details.
F:\GitHubCode\程序设计实训\EnglishDictionary\main.c(911,26): warning C4996: 'fopen': This function or variable may be unsafe. Consider using fopen_s instead. To disable deprecation, use _CRT_SECURE_NO_WARNINGS. See online help for details.
F:\GitHubCode\程序设计实训\EnglishDictionary\main.c(933,25): warning C4996: 'sscanf': This function or variable may be unsafe. Consider using sscanf_s instead. To disable deprecation, use _CRT_SECURE_NO_WARNINGS. See online help for details.
F:\GitHubCode\程序设计实训\EnglishDictionary\main.c(937,29): warning C4996: 'strcpy': This function or variable may be unsafe. Consider using strcpy_s instead. To disable deprecation, use _CRT_SECURE_NO_WARNINGS. See online help for details.
F:\GitHubCode\程序设计实训\EnglishDictionary\main.c(938,29): warning C4996: 'strcpy': This function or variable may be unsafe. Consider using strcpy_s instead. To disable deprecation, use _CRT_SECURE_NO_WARNINGS. See online help for details.
F:\GitHubCode\程序设计实训\EnglishDictionary\main.c(942,30): warning C4996: 'fopen': This function or variable may be unsafe. Consider using fopen_s instead. To disable deprecation, use _CRT_SECURE_NO_WARNINGS. See online help for details.
F:\GitHubCode\程序设计实训\EnglishDictionary\main.c(960,12): warning C4996: 'fopen': This function or variable may be unsafe. Consider using fopen_s instead. To disable deprecation, use _CRT_SECURE_NO_WARNINGS. See online help for details.
F:\GitHubCode\程序设计实训\EnglishDictionary\main.c(1047,14): warning C4098: “enhanceMemory”:“void”函数返回值
F:\GitHubCode\程序设计实训\EnglishDictionary\main.c(985,15): warning C4996: 'fopen': This function or variable may be unsafe. Consider using fopen_s instead. To disable deprecation, use _CRT_SECURE_NO_WARNINGS. See online help for details.
F:\GitHubCode\程序设计实训\EnglishDictionary\main.c(990,9): warning C4996: 'fscanf': This function or variable may be unsafe. Consider using fscanf_s instead. To disable deprecation, use _CRT_SECURE_NO_WARNINGS. See online help for details.
F:\GitHubCode\程序设计实训\EnglishDictionary\main.c(1071,17): warning C4996: 'getch': The POSIX name for this item is deprecated. Instead, use the ISO C and C++ conformant name: _getch. See online help for details.
F:\GitHubCode\程序设计实训\EnglishDictionary\main.c(1075,17): warning C4996: 'getch': The POSIX name for this item is deprecated. Instead, use the ISO C and C++ conformant name: _getch. See online help for details.
F:\GitHubCode\程序设计实训\EnglishDictionary\main.c(1121,17): warning C4996: 'getch': The POSIX name for this item is deprecated. Instead, use the ISO C and C++ conformant name: _getch. See online help for details.
F:\GitHubCode\程序设计实训\EnglishDictionary\main.c(1125,17): warning C4996: 'getch': The POSIX name for this item is deprecated. Instead, use the ISO C and C++ conformant name: _getch. See online help for details.
F:\GitHubCode\程序设计实训\EnglishDictionary\main.c(1158,9): warning C4098: “generateOptions1”:“void”函数返回值
F:\GitHubCode\程序设计实训\EnglishDictionary\main.c(1157,9): warning C4996: 'getch': The POSIX name for this item is deprecated. Instead, use the ISO C and C++ conformant name: _getch. See online help for details.
F:\GitHubCode\程序设计实训\EnglishDictionary\main.c(1161,12): warning C4996: 'fscanf': This function or variable may be unsafe. Consider using fscanf_s instead. To disable deprecation, use _CRT_SECURE_NO_WARNINGS. See online help for details.
F:\GitHubCode\程序设计实训\EnglishDictionary\main.c(1168,9): warning C4996: 'getch': The POSIX name for this item is deprecated. Instead, use the ISO C and C++ conformant name: _getch. See online help for details.
F:\GitHubCode\程序设计实训\EnglishDictionary\main.c(1174,9): warning C4996: 'strcpy': This function or variable may be unsafe. Consider using strcpy_s instead. To disable deprecation, use _CRT_SECURE_NO_WARNINGS. See online help for details.
F:\GitHubCode\程序设计实训\EnglishDictionary\main.c(1182,13): warning C4996: 'strcpy': This function or variable may be unsafe. Consider using strcpy_s instead. To disable deprecation, use _CRT_SECURE_NO_WARNINGS. See online help for details.
F:\GitHubCode\程序设计实训\EnglishDictionary\main.c(1189,9): warning C4996: 'strcpy': This function or variable may be unsafe. Consider using strcpy_s instead. To disable deprecation, use _CRT_SECURE_NO_WARNINGS. See online help for details.
F:\GitHubCode\程序设计实训\EnglishDictionary\main.c(1198,13): warning C4996: 'strcpy': This function or variable may be unsafe. Consider using strcpy_s instead. To disable deprecation, use _CRT_SECURE_NO_WARNINGS. See online help for details.
F:\GitHubCode\程序设计实训\EnglishDictionary\main.c(1238,17): warning C4996: 'sscanf': This function or variable may be unsafe. Consider using sscanf_s instead. To disable deprecation, use _CRT_SECURE_NO_WARNINGS. See online help for details.
F:\GitHubCode\程序设计实训\EnglishDictionary\main.c(1251,21): warning C4996: 'getch': The POSIX name for this item is deprecated. Instead, use the ISO C and C++ conformant name: _getch. See online help for details.
F:\GitHubCode\程序设计实训\EnglishDictionary\main.c(1257,17): warning C4996: 'getch': The POSIX name for this item is deprecated. Instead, use the ISO C and C++ conformant name: _getch. See online help for details.
F:\GitHubCode\程序设计实训\EnglishDictionary\main.c(1270,9): warning C4098: “generateOptions”:“void”函数返回值
F:\GitHubCode\程序设计实训\EnglishDictionary\main.c(1269,9): warning C4996: 'getch': The POSIX name for this item is deprecated. Instead, use the ISO C and C++ conformant name: _getch. See online help for details.
F:\GitHubCode\程序设计实训\EnglishDictionary\main.c(1273,12): warning C4996: 'fscanf': This function or variable may be unsafe. Consider using fscanf_s instead. To disable deprecation, use _CRT_SECURE_NO_WARNINGS. See online help for details.
F:\GitHubCode\程序设计实训\EnglishDictionary\main.c(1280,9): warning C4996: 'getch': The POSIX name for this item is deprecated. Instead, use the ISO C and C++ conformant name: _getch. See online help for details.
F:\GitHubCode\程序设计实训\EnglishDictionary\main.c(1287,9): warning C4996: 'strcpy': This function or variable may be unsafe. Consider using strcpy_s instead. To disable deprecation, use _CRT_SECURE_NO_WARNINGS. See online help for details.
F:\GitHubCode\程序设计实训\EnglishDictionary\main.c(1295,13): warning C4996: 'strcpy': This function or variable may be unsafe. Consider using strcpy_s instead. To disable deprecation, use _CRT_SECURE_NO_WARNINGS. See online help for details.
F:\GitHubCode\程序设计实训\EnglishDictionary\main.c(1302,9): warning C4996: 'strcpy': This function or variable may be unsafe. Consider using strcpy_s instead. To disable deprecation, use _CRT_SECURE_NO_WARNINGS. See online help for details.
F:\GitHubCode\程序设计实训\EnglishDictionary\main.c(1311,13): warning C4996: 'strcpy': This function or variable may be unsafe. Consider using strcpy_s instead. To disable deprecation, use _CRT_SECURE_NO_WARNINGS. See online help for details.
F:\GitHubCode\程序设计实训\EnglishDictionary\main.c(1358,11): warning C4244: “函数”: 从“time_t”转换到“unsigned int”，可能丢失数据
F:\GitHubCode\程序设计实训\EnglishDictionary\main.c(1337,9): warning C4996: 'getch': The POSIX name for this item is deprecated. Instead, use the ISO C and C++ conformant name: _getch. See online help for details.
F:\GitHubCode\程序设计实训\EnglishDictionary\main.c(1341,12): warning C4996: 'fscanf': This function or variable may be unsafe. Consider using fscanf_s instead. To disable deprecation, use _CRT_SECURE_NO_WARNINGS. See online help for details.
F:\GitHubCode\程序设计实训\EnglishDictionary\main.c(1348,9): warning C4996: 'getch': The POSIX name for this item is deprecated. Instead, use the ISO C and C++ conformant name: _getch. See online help for details.
F:\GitHubCode\程序设计实训\EnglishDictionary\main.c(1419,21): warning C4996: 'strcpy': This function or variable may be unsafe. Consider using strcpy_s instead. To disable deprecation, use _CRT_SECURE_NO_WARNINGS. See online help for details.
F:\GitHubCode\程序设计实训\EnglishDictionary\main.c(1420,21): warning C4996: 'strcpy': This function or variable may be unsafe. Consider using strcpy_s instead. To disable deprecation, use _CRT_SECURE_NO_WARNINGS. See online help for details.
F:\GitHubCode\程序设计实训\EnglishDictionary\main.c(1451,11): warning C4996: 'fopen': This function or variable may be unsafe. Consider using fopen_s instead. To disable deprecation, use _CRT_SECURE_NO_WARNINGS. See online help for details.
F:\GitHubCode\程序设计实训\EnglishDictionary\main.c(1453,15): warning C4996: 'fopen': This function or variable may be unsafe. Consider using fopen_s instead. To disable deprecation, use _CRT_SECURE_NO_WARNINGS. See online help for details.
F:\GitHubCode\程序设计实训\EnglishDictionary\main.c(1456,13): warning C4996: 'getch': The POSIX name for this item is deprecated. Instead, use the ISO C and C++ conformant name: _getch. See online help for details.
F:\GitHubCode\程序设计实训\EnglishDictionary\main.c(1460,15): warning C4996: 'fopen': This function or variable may be unsafe. Consider using fopen_s instead. To disable deprecation, use _CRT_SECURE_NO_WARNINGS. See online help for details.
F:\GitHubCode\程序设计实训\EnglishDictionary\main.c(1464,12): warning C4996: 'fscanf': This function or variable may be unsafe. Consider using fscanf_s instead. To disable deprecation, use _CRT_SECURE_NO_WARNINGS. See online help for details.
F:\GitHubCode\程序设计实训\EnglishDictionary\main.c(1503,5): warning C4996: 'getch': The POSIX name for this item is deprecated. Instead, use the ISO C and C++ conformant name: _getch. See online help for details.
F:\GitHubCode\程序设计实训\EnglishDictionary\main.c(1517,9): warning C4098: “learnWordsCtoE”:“void”函数返回值
F:\GitHubCode\程序设计实训\EnglishDictionary\main.c(1537,11): warning C4244: “函数”: 从“time_t”转换到“unsigned int”，可能丢失数据
F:\GitHubCode\程序设计实训\EnglishDictionary\main.c(1543,42): warning C4133: “函数”: 从“clock_t *”到“const time_t *const ”的类型不兼容
F:\GitHubCode\程序设计实训\EnglishDictionary\main.c(1516,9): warning C4996: 'getch': The POSIX name for this item is deprecated. Instead, use the ISO C and C++ conformant name: _getch. See online help for details.
F:\GitHubCode\程序设计实训\EnglishDictionary\main.c(1520,12): warning C4996: 'fscanf': This function or variable may be unsafe. Consider using fscanf_s instead. To disable deprecation, use _CRT_SECURE_NO_WARNINGS. See online help for details.
F:\GitHubCode\程序设计实训\EnglishDictionary\main.c(1527,9): warning C4996: 'getch': The POSIX name for this item is deprecated. Instead, use the ISO C and C++ conformant name: _getch. See online help for details.
F:\GitHubCode\程序设计实训\EnglishDictionary\main.c(1543,36): warning C4996: 'ctime': This function or variable may be unsafe. Consider using ctime_s instead. To disable deprecation, use _CRT_SECURE_NO_WARNINGS. See online help for details.
F:\GitHubCode\程序设计实训\EnglishDictionary\main.c(1598,21): warning C4996: 'strcpy': This function or variable may be unsafe. Consider using strcpy_s instead. To disable deprecation, use _CRT_SECURE_NO_WARNINGS. See online help for details.
F:\GitHubCode\程序设计实训\EnglishDictionary\main.c(1599,21): warning C4996: 'strcpy': This function or variable may be unsafe. Consider using strcpy_s instead. To disable deprecation, use _CRT_SECURE_NO_WARNINGS. See online help for details.
F:\GitHubCode\程序设计实训\EnglishDictionary\main.c(1630,11): warning C4996: 'fopen': This function or variable may be unsafe. Consider using fopen_s instead. To disable deprecation, use _CRT_SECURE_NO_WARNINGS. See online help for details.
F:\GitHubCode\程序设计实训\EnglishDictionary\main.c(1633,15): warning C4996: 'fopen': This function or variable may be unsafe. Consider using fopen_s instead. To disable deprecation, use _CRT_SECURE_NO_WARNINGS. See online help for details.
F:\GitHubCode\程序设计实训\EnglishDictionary\main.c(1636,13): warning C4996: 'getch': The POSIX name for this item is deprecated. Instead, use the ISO C and C++ conformant name: _getch. See online help for details.
F:\GitHubCode\程序设计实训\EnglishDictionary\main.c(1640,15): warning C4996: 'fopen': This function or variable may be unsafe. Consider using fopen_s instead. To disable deprecation, use _CRT_SECURE_NO_WARNINGS. See online help for details.
F:\GitHubCode\程序设计实训\EnglishDictionary\main.c(1644,12): warning C4996: 'fscanf': This function or variable may be unsafe. Consider using fscanf_s instead. To disable deprecation, use _CRT_SECURE_NO_WARNINGS. See online help for details.
F:\GitHubCode\程序设计实训\EnglishDictionary\main.c(1683,5): warning C4996: 'getch': The POSIX name for this item is deprecated. Instead, use the ISO C and C++ conformant name: _getch. See online help for details.
F:\GitHubCode\程序设计实训\EnglishDictionary\main.c(1690,5): warning C4996: 'getch': The POSIX name for this item is deprecated. Instead, use the ISO C and C++ conformant name: _getch. See online help for details.
F:\GitHubCode\程序设计实训\EnglishDictionary\main.c(1699,5): warning C4996: 'getch': The POSIX name for this item is deprecated. Instead, use the ISO C and C++ conformant name: _getch. See online help for details.
  EnglishDictionary.vcxproj -> F:\GitHubCode\程序设计实训\EnglishDictionary\x64\Debug\EnglishDictionary.exe
